<?xml version="1.0" encoding="UTF-8"?>
<testsuite xmlns:xsi="http://www.w3.org/2001/XMLSchema-instance" xsi:noNamespaceSchemaLocation="https://maven.apache.org/surefire/maven-surefire-plugin/xsd/surefire-test-report.xsd" name="org.zanata.magpie.MTApplicationTest" time="0.294" tests="2" errors="0" skipped="0" failures="0">
  <properties>
[...]
</properties>
  <testcase name="testApplicationPath" classname="org.zanata.magpie.MTApplicationTest" time="0.202"/>
  <testcase name="testGetClasses" classname="org.zanata.magpie.MTApplicationTest" time="0.016"/>
</testsuite>